videoplayback.mp4
Preference Assessment with Toys_ Multiple Stimulus without Replacement (MSWO).mp4
Exploring the Therapeutic Playroom.mp4
Discrete Trial Training.mp4
Group Therapy for Autism Spectrum Disorder.mp4
Matching.mp4
Speech Therapy Training Session- Moderate to Severe Autism.mp4
Natural Environment Teaching (NET).mp4
Sensory Play at Home_ Proprioceptive Games.mp4
ABA Therapy - Social Engagement.mp4
Autism (Moderate - Severe) and ABA - Training Session.mp4
How to Do Play Therapy _ Building a Growth Mindset Role Play.mp4
Jan 5 SonRise Mom part 1.mp4
ABA Therapy - Learning about Animals.mp4
ABA Therapy_ Daniel - Communication.mp4
Augmentative and Alternative Communication AAC.mp4
Incidental Teaching.mp4
MASS TRIAL (Gross motor imitation).mp4
Play Therapy Session working on Feelings with Candy Land Game.mp4
ABA Therapy - Play.mp4
